<?xml version="1.0" encoding="UTF-8"?>
<testsuite name="D:/KDubaSoftDownloads/JavaWork/webshop-ui-auto-test"
           tests="3"
           failures="0"
           errors="0"
           skipped="0"
           time="146.695">
  <properties />
  
  
            <testcase name="login3" time="69.127" classname="TestCase.Login" />
                <testcase name="login2" time="70.023" classname="TestCase.Login" />
                <testcase name="login1" time="7.545" classname="TestCase.Login" />
      
</testsuite>
